The system is: Linux - 4.18.0-147.el8.aarch64 - aarch64
Compiling the C compiler identification source file "CMakeCCompilerId.c" succeeded.
Compiler: /usr/bin/cc 
Build flags: 
Id flags:  

The output was:
0


Compilation of the C compiler identification source "CMakeCCompilerId.c" produced "a.out"

The C compiler identification is GNU, found in "/home/marco/R3/build/CMakeFiles/3.19.4/CompilerIdC/a.out"

Compiling the CXX compiler identification source file "CMakeCXXCompilerId.cpp" succeeded.
Compiler: /usr/bin/c++ 
Build flags: 
Id flags:  

The output was:
0


Compilation of the CXX compiler identification source "CMakeCXXCompilerId.cpp" produced "a.out"

The CXX compiler identification is GNU, found in "/home/marco/R3/build/CMakeFiles/3.19.4/CompilerIdCXX/a.out"

Detecting C compiler ABI info compiled with the following output:
Change Dir: /home/marco/R3/build/CMakeFiles/CMakeTmp

Run Build Command(s):/usr/bin/gmake cmTC_49a04/fast && /usr/bin/gmake  -f CMakeFiles/cmTC_49a04.dir/build.make CMakeFiles/cmTC_49a04.dir/build
gmake[1]: Entering directory '/home/marco/R3/build/CMakeFiles/CMakeTmp'
Building C object CMakeFiles/cmTC_49a04.dir/CMakeCCompilerABI.c.o
/usr/bin/cc   -v -o CMakeFiles/cmTC_49a04.dir/CMakeCCompilerABI.c.o -c /home/marco/cmake-3.19.4-Linux-aarch64/share/cmake-3.19/Modules/CMakeCCompilerABI.c
Using built-in specs.
COLLECT_GCC=/usr/bin/cc
Target: aarch64-redhat-linux
Configured with: ../configure --enable-bootstrap --enable-languages=c,c++,fortran,lto --prefix=/usr --mandir=/usr/share/man --infodir=/usr/share/info --with-bugurl=http://bugzilla.redhat.com/bugzilla --enable-shared --enable-threads=posix --enable-checking=release --enable-multilib --with-system-zlib --enable-__cxa_atexit --disable-libunwind-exceptions --enable-gnu-unique-object --enable-linker-build-id --with-gcc-major-version-only --with-linker-hash-style=gnu --enable-plugin --enable-initfini-array --with-isl --disable-libmpx --enable-gnu-indirect-function --build=aarch64-redhat-linux
Thread model: posix
gcc version 8.4.1 20200928 (Red Hat 8.4.1-1) (GCC) 
COLLECT_GCC_OPTIONS='-v' '-o' 'CMakeFiles/cmTC_49a04.dir/CMakeCCompilerABI.c.o' '-c' '-mlittle-endian' '-mabi=lp64'
 /usr/libexec/gcc/aarch64-redhat-linux/8/cc1 -quiet -v -isystem /home/software/armcc/gcc-12.2.0_RHEL-8/include /home/marco/cmake-3.19.4-Linux-aarch64/share/cmake-3.19/Modules/CMakeCCompilerABI.c -quiet -dumpbase CMakeCCompilerABI.c -mlittle-endian -mabi=lp64 -auxbase-strip CMakeFiles/cmTC_49a04.dir/CMakeCCompilerABI.c.o -version -o /tmp/cc7HFtoa.s
GNU C17 (GCC) version 8.4.1 20200928 (Red Hat 8.4.1-1) (aarch64-redhat-linux)
	compiled by GNU C version 8.4.1 20200928 (Red Hat 8.4.1-1), GMP version 6.1.2, MPFR version 3.1.6-p2, MPC version 1.0.2, isl version isl-0.16.1-GMP

GGC heuristics: --param ggc-min-expand=100 --param ggc-min-heapsize=131072
ignoring nonexistent directory "/usr/lib/gcc/aarch64-redhat-linux/8/include-fixed"
ignoring nonexistent directory "/usr/lib/gcc/aarch64-redhat-linux/8/../../../../aarch64-redhat-linux/include"
ignoring duplicate directory "/home/software/armcc/gcc-12.2.0_RHEL-8/include"
  as it is a non-system directory that duplicates a system directory
#include "..." search starts here:
#include <...> search starts here:
 /home/software/armcc/arm-linux-compiler-23.04.1_RHEL-8/include
 /home/software/armcc/gcc-12.2.0_RHEL-8/include
 /usr/lib/gcc/aarch64-redhat-linux/8/include
 /usr/local/include
 /usr/include
End of search list.
GNU C17 (GCC) version 8.4.1 20200928 (Red Hat 8.4.1-1) (aarch64-redhat-linux)
	compiled by GNU C version 8.4.1 20200928 (Red Hat 8.4.1-1), GMP version 6.1.2, MPFR version 3.1.6-p2, MPC version 1.0.2, isl version isl-0.16.1-GMP

GGC heuristics: --param ggc-min-expand=100 --param ggc-min-heapsize=131072
Compiler executable checksum: d035c70fa88bf1e06de328ff44d02f37
COLLECT_GCC_OPTIONS='-v' '-o' 'CMakeFiles/cmTC_49a04.dir/CMakeCCompilerABI.c.o' '-c' '-mlittle-endian' '-mabi=lp64'
 as -v -EL -mabi=lp64 -o CMakeFiles/cmTC_49a04.dir/CMakeCCompilerABI.c.o /tmp/cc7HFtoa.s
GNU assembler version 2.39 (aarch64-linux-gnu) using BFD version (GNU Binutils) 2.39
COMPILER_PATH=/home/software/armcc/gcc-12.2.0_RHEL-8/:/usr/libexec/gcc/aarch64-redhat-linux/8/:/usr/libexec/gcc/aarch64-redhat-linux/8/:/usr/libexec/gcc/aarch64-redhat-linux/:/usr/lib/gcc/aarch64-redhat-linux/8/:/usr/lib/gcc/aarch64-redhat-linux/
LIBRARY_PATH=/home/software/armcc/gcc-12.2.0_RHEL-8/lib64/../lib64/:/home/software/armcc/gcc-12.2.0_RHEL-8/lib/../lib64/:/usr/lib/gcc/aarch64-redhat-linux/8/:/usr/lib/gcc/aarch64-redhat-linux/8/../../../../lib64/:/lib/../lib64/:/usr/lib/../lib64/:/home/software/armcc/arm-linux-compiler-23.04.1_RHEL-8/lib/:/home/software/armcc/gcc-12.2.0_RHEL-8/lib64/:/home/software/armcc/gcc-12.2.0_RHEL-8/lib/:/usr/lib/gcc/aarch64-redhat-linux/8/../../../:/lib/:/usr/lib/
COLLECT_GCC_OPTIONS='-v' '-o' 'CMakeFiles/cmTC_49a04.dir/CMakeCCompilerABI.c.o' '-c' '-mlittle-endian' '-mabi=lp64'
Linking C executable cmTC_49a04
/home/marco/cmake-3.19.4-Linux-aarch64/bin/cmake -E cmake_link_script CMakeFiles/cmTC_49a04.dir/link.txt --verbose=1
/usr/bin/cc  -v CMakeFiles/cmTC_49a04.dir/CMakeCCompilerABI.c.o -o cmTC_49a04 
Using built-in specs.
COLLECT_GCC=/usr/bin/cc
COLLECT_LTO_WRAPPER=/usr/libexec/gcc/aarch64-redhat-linux/8/lto-wrapper
Target: aarch64-redhat-linux
Configured with: ../configure --enable-bootstrap --enable-languages=c,c++,fortran,lto --prefix=/usr --mandir=/usr/share/man --infodir=/usr/share/info --with-bugurl=http://bugzilla.redhat.com/bugzilla --enable-shared --enable-threads=posix --enable-checking=release --enable-multilib --with-system-zlib --enable-__cxa_atexit --disable-libunwind-exceptions --enable-gnu-unique-object --enable-linker-build-id --with-gcc-major-version-only --with-linker-hash-style=gnu --enable-plugin --enable-initfini-array --with-isl --disable-libmpx --enable-gnu-indirect-function --build=aarch64-redhat-linux
Thread model: posix
gcc version 8.4.1 20200928 (Red Hat 8.4.1-1) (GCC) 
COMPILER_PATH=/home/software/armcc/gcc-12.2.0_RHEL-8/:/usr/libexec/gcc/aarch64-redhat-linux/8/:/usr/libexec/gcc/aarch64-redhat-linux/8/:/usr/libexec/gcc/aarch64-redhat-linux/:/usr/lib/gcc/aarch64-redhat-linux/8/:/usr/lib/gcc/aarch64-redhat-linux/
LIBRARY_PATH=/home/software/armcc/gcc-12.2.0_RHEL-8/lib64/../lib64/:/home/software/armcc/gcc-12.2.0_RHEL-8/lib/../lib64/:/usr/lib/gcc/aarch64-redhat-linux/8/:/usr/lib/gcc/aarch64-redhat-linux/8/../../../../lib64/:/lib/../lib64/:/usr/lib/../lib64/:/home/software/armcc/arm-linux-compiler-23.04.1_RHEL-8/lib/:/home/software/armcc/gcc-12.2.0_RHEL-8/lib64/:/home/software/armcc/gcc-12.2.0_RHEL-8/lib/:/usr/lib/gcc/aarch64-redhat-linux/8/../../../:/lib/:/usr/lib/
COLLECT_GCC_OPTIONS='-v' '-o' 'cmTC_49a04' '-mlittle-endian' '-mabi=lp64'
 /usr/libexec/gcc/aarch64-redhat-linux/8/collect2 -plugin /usr/libexec/gcc/aarch64-redhat-linux/8/liblto_plugin.so -plugin-opt=/usr/libexec/gcc/aarch64-redhat-linux/8/lto-wrapper -plugin-opt=-fresolution=/tmp/ccMbD0wf.res -plugin-opt=-pass-through=-lgcc -plugin-opt=-pass-through=-lgcc_s -plugin-opt=-pass-through=-lc -plugin-opt=-pass-through=-lgcc -plugin-opt=-pass-through=-lgcc_s --build-id --no-add-needed --eh-frame-hdr --hash-style=gnu -dynamic-linker /lib/ld-linux-aarch64.so.1 -X -EL -maarch64linux -o cmTC_49a04 /usr/lib/gcc/aarch64-redhat-linux/8/../../../../lib64/crt1.o /usr/lib/gcc/aarch64-redhat-linux/8/../../../../lib64/crti.o /usr/lib/gcc/aarch64-redhat-linux/8/crtbegin.o -L/home/software/armcc/gcc-12.2.0_RHEL-8/lib64/../lib64 -L/home/software/armcc/gcc-12.2.0_RHEL-8/lib/../lib64 -L/usr/lib/gcc/aarch64-redhat-linux/8 -L/usr/lib/gcc/aarch64-redhat-linux/8/../../../../lib64 -L/lib/../lib64 -L/usr/lib/../lib64 -L/home/software/armcc/arm-linux-compiler-23.04.1_RHEL-8/lib -L/home/software/armcc/gcc-12.2.0_RHEL-8/lib64 -L/home/software/armcc/gcc-12.2.0_RHEL-8/lib -L/usr/lib/gcc/aarch64-redhat-linux/8/../../.. CMakeFiles/cmTC_49a04.dir/CMakeCCompilerABI.c.o -lgcc --as-needed -lgcc_s --no-as-needed -lc -lgcc --as-needed -lgcc_s --no-as-needed /usr/lib/gcc/aarch64-redhat-linux/8/crtend.o /usr/lib/gcc/aarch64-redhat-linux/8/../../../../lib64/crtn.o
COLLECT_GCC_OPTIONS='-v' '-o' 'cmTC_49a04' '-mlittle-endian' '-mabi=lp64'
gmake[1]: Leaving directory '/home/marco/R3/build/CMakeFiles/CMakeTmp'



Parsed C implicit include dir info from above output: rv=done
  found start of include info
  found start of implicit include info
    add: [/home/software/armcc/arm-linux-compiler-23.04.1_RHEL-8/include]
    add: [/home/software/armcc/gcc-12.2.0_RHEL-8/include]
    add: [/usr/lib/gcc/aarch64-redhat-linux/8/include]
    add: [/usr/local/include]
    add: [/usr/include]
  end of search list found
  collapse include dir [/home/software/armcc/arm-linux-compiler-23.04.1_RHEL-8/include] ==> [/home/software/armcc/arm-linux-compiler-23.04.1_RHEL-8/include]
  collapse include dir [/home/software/armcc/gcc-12.2.0_RHEL-8/include] ==> [/home/software/armcc/gcc-12.2.0_RHEL-8/include]
  collapse include dir [/usr/lib/gcc/aarch64-redhat-linux/8/include] ==> [/usr/lib/gcc/aarch64-redhat-linux/8/include]
  collapse include dir [/usr/local/include] ==> [/usr/local/include]
  collapse include dir [/usr/include] ==> [/usr/include]
  implicit include dirs: [/home/software/armcc/arm-linux-compiler-23.04.1_RHEL-8/include;/home/software/armcc/gcc-12.2.0_RHEL-8/include;/usr/lib/gcc/aarch64-redhat-linux/8/include;/usr/local/include;/usr/include]


Parsed C implicit link information from above output:
  link line regex: [^( *|.*[/\])(ld|CMAKE_LINK_STARTFILE-NOTFOUND|([^/\]+-)?ld|collect2)[^/\]*( |$)]
  ignore line: [Change Dir: /home/marco/R3/build/CMakeFiles/CMakeTmp]
  ignore line: []
  ignore line: [Run Build Command(s):/usr/bin/gmake cmTC_49a04/fast && /usr/bin/gmake  -f CMakeFiles/cmTC_49a04.dir/build.make CMakeFiles/cmTC_49a04.dir/build]
  ignore line: [gmake[1]: Entering directory '/home/marco/R3/build/CMakeFiles/CMakeTmp']
  ignore line: [Building C object CMakeFiles/cmTC_49a04.dir/CMakeCCompilerABI.c.o]
  ignore line: [/usr/bin/cc   -v -o CMakeFiles/cmTC_49a04.dir/CMakeCCompilerABI.c.o -c /home/marco/cmake-3.19.4-Linux-aarch64/share/cmake-3.19/Modules/CMakeCCompilerABI.c]
  ignore line: [Using built-in specs.]
  ignore line: [COLLECT_GCC=/usr/bin/cc]
  ignore line: [Target: aarch64-redhat-linux]
  ignore line: [Configured with: ../configure --enable-bootstrap --enable-languages=c c++ fortran lto --prefix=/usr --mandir=/usr/share/man --infodir=/usr/share/info --with-bugurl=http://bugzilla.redhat.com/bugzilla --enable-shared --enable-threads=posix --enable-checking=release --enable-multilib --with-system-zlib --enable-__cxa_atexit --disable-libunwind-exceptions --enable-gnu-unique-object --enable-linker-build-id --with-gcc-major-version-only --with-linker-hash-style=gnu --enable-plugin --enable-initfini-array --with-isl --disable-libmpx --enable-gnu-indirect-function --build=aarch64-redhat-linux]
  ignore line: [Thread model: posix]
  ignore line: [gcc version 8.4.1 20200928 (Red Hat 8.4.1-1) (GCC) ]
  ignore line: [COLLECT_GCC_OPTIONS='-v' '-o' 'CMakeFiles/cmTC_49a04.dir/CMakeCCompilerABI.c.o' '-c' '-mlittle-endian' '-mabi=lp64']
  ignore line: [ /usr/libexec/gcc/aarch64-redhat-linux/8/cc1 -quiet -v -isystem /home/software/armcc/gcc-12.2.0_RHEL-8/include /home/marco/cmake-3.19.4-Linux-aarch64/share/cmake-3.19/Modules/CMakeCCompilerABI.c -quiet -dumpbase CMakeCCompilerABI.c -mlittle-endian -mabi=lp64 -auxbase-strip CMakeFiles/cmTC_49a04.dir/CMakeCCompilerABI.c.o -version -o /tmp/cc7HFtoa.s]
  ignore line: [GNU C17 (GCC) version 8.4.1 20200928 (Red Hat 8.4.1-1) (aarch64-redhat-linux)]
  ignore line: [	compiled by GNU C version 8.4.1 20200928 (Red Hat 8.4.1-1)  GMP version 6.1.2  MPFR version 3.1.6-p2  MPC version 1.0.2  isl version isl-0.16.1-GMP]
  ignore line: []
  ignore line: [GGC heuristics: --param ggc-min-expand=100 --param ggc-min-heapsize=131072]
  ignore line: [ignoring nonexistent directory "/usr/lib/gcc/aarch64-redhat-linux/8/include-fixed"]
  ignore line: [ignoring nonexistent directory "/usr/lib/gcc/aarch64-redhat-linux/8/../../../../aarch64-redhat-linux/include"]
  ignore line: [ignoring duplicate directory "/home/software/armcc/gcc-12.2.0_RHEL-8/include"]
  ignore line: [  as it is a non-system directory that duplicates a system directory]
  ignore line: [#include "..." search starts here:]
  ignore line: [#include <...> search starts here:]
  ignore line: [ /home/software/armcc/arm-linux-compiler-23.04.1_RHEL-8/include]
  ignore line: [ /home/software/armcc/gcc-12.2.0_RHEL-8/include]
  ignore line: [ /usr/lib/gcc/aarch64-redhat-linux/8/include]
  ignore line: [ /usr/local/include]
  ignore line: [ /usr/include]
  ignore line: [End of search list.]
  ignore line: [GNU C17 (GCC) version 8.4.1 20200928 (Red Hat 8.4.1-1) (aarch64-redhat-linux)]
  ignore line: [	compiled by GNU C version 8.4.1 20200928 (Red Hat 8.4.1-1)  GMP version 6.1.2  MPFR version 3.1.6-p2  MPC version 1.0.2  isl version isl-0.16.1-GMP]
  ignore line: []
  ignore line: [GGC heuristics: --param ggc-min-expand=100 --param ggc-min-heapsize=131072]
  ignore line: [Compiler executable checksum: d035c70fa88bf1e06de328ff44d02f37]
  ignore line: [COLLECT_GCC_OPTIONS='-v' '-o' 'CMakeFiles/cmTC_49a04.dir/CMakeCCompilerABI.c.o' '-c' '-mlittle-endian' '-mabi=lp64']
  ignore line: [ as -v -EL -mabi=lp64 -o CMakeFiles/cmTC_49a04.dir/CMakeCCompilerABI.c.o /tmp/cc7HFtoa.s]
  ignore line: [GNU assembler version 2.39 (aarch64-linux-gnu) using BFD version (GNU Binutils) 2.39]
  ignore line: [COMPILER_PATH=/home/software/armcc/gcc-12.2.0_RHEL-8/:/usr/libexec/gcc/aarch64-redhat-linux/8/:/usr/libexec/gcc/aarch64-redhat-linux/8/:/usr/libexec/gcc/aarch64-redhat-linux/:/usr/lib/gcc/aarch64-redhat-linux/8/:/usr/lib/gcc/aarch64-redhat-linux/]
  ignore line: [LIBRARY_PATH=/home/software/armcc/gcc-12.2.0_RHEL-8/lib64/../lib64/:/home/software/armcc/gcc-12.2.0_RHEL-8/lib/../lib64/:/usr/lib/gcc/aarch64-redhat-linux/8/:/usr/lib/gcc/aarch64-redhat-linux/8/../../../../lib64/:/lib/../lib64/:/usr/lib/../lib64/:/home/software/armcc/arm-linux-compiler-23.04.1_RHEL-8/lib/:/home/software/armcc/gcc-12.2.0_RHEL-8/lib64/:/home/software/armcc/gcc-12.2.0_RHEL-8/lib/:/usr/lib/gcc/aarch64-redhat-linux/8/../../../:/lib/:/usr/lib/]
  ignore line: [COLLECT_GCC_OPTIONS='-v' '-o' 'CMakeFiles/cmTC_49a04.dir/CMakeCCompilerABI.c.o' '-c' '-mlittle-endian' '-mabi=lp64']
  ignore line: [Linking C executable cmTC_49a04]
  ignore line: [/home/marco/cmake-3.19.4-Linux-aarch64/bin/cmake -E cmake_link_script CMakeFiles/cmTC_49a04.dir/link.txt --verbose=1]
  ignore line: [/usr/bin/cc  -v CMakeFiles/cmTC_49a04.dir/CMakeCCompilerABI.c.o -o cmTC_49a04 ]
  ignore line: [Using built-in specs.]
  ignore line: [COLLECT_GCC=/usr/bin/cc]
  ignore line: [COLLECT_LTO_WRAPPER=/usr/libexec/gcc/aarch64-redhat-linux/8/lto-wrapper]
  ignore line: [Target: aarch64-redhat-linux]
  ignore line: [Configured with: ../configure --enable-bootstrap --enable-languages=c c++ fortran lto --prefix=/usr --mandir=/usr/share/man --infodir=/usr/share/info --with-bugurl=http://bugzilla.redhat.com/bugzilla --enable-shared --enable-threads=posix --enable-checking=release --enable-multilib --with-system-zlib --enable-__cxa_atexit --disable-libunwind-exceptions --enable-gnu-unique-object --enable-linker-build-id --with-gcc-major-version-only --with-linker-hash-style=gnu --enable-plugin --enable-initfini-array --with-isl --disable-libmpx --enable-gnu-indirect-function --build=aarch64-redhat-linux]
  ignore line: [Thread model: posix]
  ignore line: [gcc version 8.4.1 20200928 (Red Hat 8.4.1-1) (GCC) ]
  ignore line: [COMPILER_PATH=/home/software/armcc/gcc-12.2.0_RHEL-8/:/usr/libexec/gcc/aarch64-redhat-linux/8/:/usr/libexec/gcc/aarch64-redhat-linux/8/:/usr/libexec/gcc/aarch64-redhat-linux/:/usr/lib/gcc/aarch64-redhat-linux/8/:/usr/lib/gcc/aarch64-redhat-linux/]
  ignore line: [LIBRARY_PATH=/home/software/armcc/gcc-12.2.0_RHEL-8/lib64/../lib64/:/home/software/armcc/gcc-12.2.0_RHEL-8/lib/../lib64/:/usr/lib/gcc/aarch64-redhat-linux/8/:/usr/lib/gcc/aarch64-redhat-linux/8/../../../../lib64/:/lib/../lib64/:/usr/lib/../lib64/:/home/software/armcc/arm-linux-compiler-23.04.1_RHEL-8/lib/:/home/software/armcc/gcc-12.2.0_RHEL-8/lib64/:/home/software/armcc/gcc-12.2.0_RHEL-8/lib/:/usr/lib/gcc/aarch64-redhat-linux/8/../../../:/lib/:/usr/lib/]
  ignore line: [COLLECT_GCC_OPTIONS='-v' '-o' 'cmTC_49a04' '-mlittle-endian' '-mabi=lp64']
  link line: [ /usr/libexec/gcc/aarch64-redhat-linux/8/collect2 -plugin /usr/libexec/gcc/aarch64-redhat-linux/8/liblto_plugin.so -plugin-opt=/usr/libexec/gcc/aarch64-redhat-linux/8/lto-wrapper -plugin-opt=-fresolution=/tmp/ccMbD0wf.res -plugin-opt=-pass-through=-lgcc -plugin-opt=-pass-through=-lgcc_s -plugin-opt=-pass-through=-lc -plugin-opt=-pass-through=-lgcc -plugin-opt=-pass-through=-lgcc_s --build-id --no-add-needed --eh-frame-hdr --hash-style=gnu -dynamic-linker /lib/ld-linux-aarch64.so.1 -X -EL -maarch64linux -o cmTC_49a04 /usr/lib/gcc/aarch64-redhat-linux/8/../../../../lib64/crt1.o /usr/lib/gcc/aarch64-redhat-linux/8/../../../../lib64/crti.o /usr/lib/gcc/aarch64-redhat-linux/8/crtbegin.o -L/home/software/armcc/gcc-12.2.0_RHEL-8/lib64/../lib64 -L/home/software/armcc/gcc-12.2.0_RHEL-8/lib/../lib64 -L/usr/lib/gcc/aarch64-redhat-linux/8 -L/usr/lib/gcc/aarch64-redhat-linux/8/../../../../lib64 -L/lib/../lib64 -L/usr/lib/../lib64 -L/home/software/armcc/arm-linux-compiler-23.04.1_RHEL-8/lib -L/home/software/armcc/gcc-12.2.0_RHEL-8/lib64 -L/home/software/armcc/gcc-12.2.0_RHEL-8/lib -L/usr/lib/gcc/aarch64-redhat-linux/8/../../.. CMakeFiles/cmTC_49a04.dir/CMakeCCompilerABI.c.o -lgcc --as-needed -lgcc_s --no-as-needed -lc -lgcc --as-needed -lgcc_s --no-as-needed /usr/lib/gcc/aarch64-redhat-linux/8/crtend.o /usr/lib/gcc/aarch64-redhat-linux/8/../../../../lib64/crtn.o]
    arg [/usr/libexec/gcc/aarch64-redhat-linux/8/collect2] ==> ignore
    arg [-plugin] ==> ignore
    arg [/usr/libexec/gcc/aarch64-redhat-linux/8/liblto_plugin.so] ==> ignore
    arg [-plugin-opt=/usr/libexec/gcc/aarch64-redhat-linux/8/lto-wrapper] ==> ignore
    arg [-plugin-opt=-fresolution=/tmp/ccMbD0wf.res] ==> ignore
    arg [-plugin-opt=-pass-through=-lgcc] ==> ignore
    arg [-plugin-opt=-pass-through=-lgcc_s] ==> ignore
    arg [-plugin-opt=-pass-through=-lc] ==> ignore
    arg [-plugin-opt=-pass-through=-lgcc] ==> ignore
    arg [-plugin-opt=-pass-through=-lgcc_s] ==> ignore
    arg [--build-id] ==> ignore
    arg [--no-add-needed] ==> ignore
    arg [--eh-frame-hdr] ==> ignore
    arg [--hash-style=gnu] ==> ignore
    arg [-dynamic-linker] ==> ignore
    arg [/lib/ld-linux-aarch64.so.1] ==> ignore
    arg [-X] ==> ignore
    arg [-EL] ==> ignore
    arg [-maarch64linux] ==> ignore
    arg [-o] ==> ignore
    arg [cmTC_49a04] ==> ignore
    arg [/usr/lib/gcc/aarch64-redhat-linux/8/../../../../lib64/crt1.o] ==> ignore
    arg [/usr/lib/gcc/aarch64-redhat-linux/8/../../../../lib64/crti.o] ==> ignore
    arg [/usr/lib/gcc/aarch64-redhat-linux/8/crtbegin.o] ==> ignore
    arg [-L/home/software/armcc/gcc-12.2.0_RHEL-8/lib64/../lib64] ==> dir [/home/software/armcc/gcc-12.2.0_RHEL-8/lib64/../lib64]
    arg [-L/home/software/armcc/gcc-12.2.0_RHEL-8/lib/../lib64] ==> dir [/home/software/armcc/gcc-12.2.0_RHEL-8/lib/../lib64]
    arg [-L/usr/lib/gcc/aarch64-redhat-linux/8] ==> dir [/usr/lib/gcc/aarch64-redhat-linux/8]
    arg [-L/usr/lib/gcc/aarch64-redhat-linux/8/../../../../lib64] ==> dir [/usr/lib/gcc/aarch64-redhat-linux/8/../../../../lib64]
    arg [-L/lib/../lib64] ==> dir [/lib/../lib64]
    arg [-L/usr/lib/../lib64] ==> dir [/usr/lib/../lib64]
    arg [-L/home/software/armcc/arm-linux-compiler-23.04.1_RHEL-8/lib] ==> dir [/home/software/armcc/arm-linux-compiler-23.04.1_RHEL-8/lib]
    arg [-L/home/software/armcc/gcc-12.2.0_RHEL-8/lib64] ==> dir [/home/software/armcc/gcc-12.2.0_RHEL-8/lib64]
    arg [-L/home/software/armcc/gcc-12.2.0_RHEL-8/lib] ==> dir [/home/software/armcc/gcc-12.2.0_RHEL-8/lib]
    arg [-L/usr/lib/gcc/aarch64-redhat-linux/8/../../..] ==> dir [/usr/lib/gcc/aarch64-redhat-linux/8/../../..]
    arg [CMakeFiles/cmTC_49a04.dir/CMakeCCompilerABI.c.o] ==> ignore
    arg [-lgcc] ==> lib [gcc]
    arg [--as-needed] ==> ignore
    arg [-lgcc_s] ==> lib [gcc_s]
    arg [--no-as-needed] ==> ignore
    arg [-lc] ==> lib [c]
    arg [-lgcc] ==> lib [gcc]
    arg [--as-needed] ==> ignore
    arg [-lgcc_s] ==> lib [gcc_s]
    arg [--no-as-needed] ==> ignore
    arg [/usr/lib/gcc/aarch64-redhat-linux/8/crtend.o] ==> ignore
    arg [/usr/lib/gcc/aarch64-redhat-linux/8/../../../../lib64/crtn.o] ==> ignore
  collapse library dir [/home/software/armcc/gcc-12.2.0_RHEL-8/lib64/../lib64] ==> [/home/software/armcc/gcc-12.2.0_RHEL-8/lib64]
  collapse library dir [/home/software/armcc/gcc-12.2.0_RHEL-8/lib/../lib64] ==> [/home/software/armcc/gcc-12.2.0_RHEL-8/lib64]
  collapse library dir [/usr/lib/gcc/aarch64-redhat-linux/8] ==> [/usr/lib/gcc/aarch64-redhat-linux/8]
  collapse library dir [/usr/lib/gcc/aarch64-redhat-linux/8/../../../../lib64] ==> [/usr/lib64]
  collapse library dir [/lib/../lib64] ==> [/lib64]
  collapse library dir [/usr/lib/../lib64] ==> [/usr/lib64]
  collapse library dir [/home/software/armcc/arm-linux-compiler-23.04.1_RHEL-8/lib] ==> [/home/software/armcc/arm-linux-compiler-23.04.1_RHEL-8/lib]
  collapse library dir [/home/software/armcc/gcc-12.2.0_RHEL-8/lib64] ==> [/home/software/armcc/gcc-12.2.0_RHEL-8/lib64]
  collapse library dir [/home/software/armcc/gcc-12.2.0_RHEL-8/lib] ==> [/home/software/armcc/gcc-12.2.0_RHEL-8/lib]
  collapse library dir [/usr/lib/gcc/aarch64-redhat-linux/8/../../..] ==> [/usr/lib]
  implicit libs: [gcc;gcc_s;c;gcc;gcc_s]
  implicit dirs: [/home/software/armcc/gcc-12.2.0_RHEL-8/lib64;/usr/lib/gcc/aarch64-redhat-linux/8;/usr/lib64;/lib64;/home/software/armcc/arm-linux-compiler-23.04.1_RHEL-8/lib;/home/software/armcc/gcc-12.2.0_RHEL-8/lib;/usr/lib]
  implicit fwks: []


Detecting CXX compiler ABI info compiled with the following output:
Change Dir: /home/marco/R3/build/CMakeFiles/CMakeTmp

Run Build Command(s):/usr/bin/gmake cmTC_21bf9/fast && /usr/bin/gmake  -f CMakeFiles/cmTC_21bf9.dir/build.make CMakeFiles/cmTC_21bf9.dir/build
gmake[1]: Entering directory '/home/marco/R3/build/CMakeFiles/CMakeTmp'
Building CXX object CMakeFiles/cmTC_21bf9.dir/CMakeCXXCompilerABI.cpp.o
/usr/bin/c++   -v -o CMakeFiles/cmTC_21bf9.dir/CMakeCXXCompilerABI.cpp.o -c /home/marco/cmake-3.19.4-Linux-aarch64/share/cmake-3.19/Modules/CMakeCXXCompilerABI.cpp
Using built-in specs.
COLLECT_GCC=/usr/bin/c++
Target: aarch64-redhat-linux
Configured with: ../configure --enable-bootstrap --enable-languages=c,c++,fortran,lto --prefix=/usr --mandir=/usr/share/man --infodir=/usr/share/info --with-bugurl=http://bugzilla.redhat.com/bugzilla --enable-shared --enable-threads=posix --enable-checking=release --enable-multilib --with-system-zlib --enable-__cxa_atexit --disable-libunwind-exceptions --enable-gnu-unique-object --enable-linker-build-id --with-gcc-major-version-only --with-linker-hash-style=gnu --enable-plugin --enable-initfini-array --with-isl --disable-libmpx --enable-gnu-indirect-function --build=aarch64-redhat-linux
Thread model: posix
gcc version 8.4.1 20200928 (Red Hat 8.4.1-1) (GCC) 
COLLECT_GCC_OPTIONS='-v' '-o' 'CMakeFiles/cmTC_21bf9.dir/CMakeCXXCompilerABI.cpp.o' '-c' '-shared-libgcc' '-mlittle-endian' '-mabi=lp64'
 /usr/libexec/gcc/aarch64-redhat-linux/8/cc1plus -quiet -v -isystem /home/software/armcc/gcc-12.2.0_RHEL-8/include -D_GNU_SOURCE /home/marco/cmake-3.19.4-Linux-aarch64/share/cmake-3.19/Modules/CMakeCXXCompilerABI.cpp -quiet -dumpbase CMakeCXXCompilerABI.cpp -mlittle-endian -mabi=lp64 -auxbase-strip CMakeFiles/cmTC_21bf9.dir/CMakeCXXCompilerABI.cpp.o -version -o /tmp/cc8SWcAa.s
GNU C++14 (GCC) version 8.4.1 20200928 (Red Hat 8.4.1-1) (aarch64-redhat-linux)
	compiled by GNU C version 8.4.1 20200928 (Red Hat 8.4.1-1), GMP version 6.1.2, MPFR version 3.1.6-p2, MPC version 1.0.2, isl version isl-0.16.1-GMP

GGC heuristics: --param ggc-min-expand=100 --param ggc-min-heapsize=131072
ignoring nonexistent directory "/usr/lib/gcc/aarch64-redhat-linux/8/include-fixed"
ignoring nonexistent directory "/usr/lib/gcc/aarch64-redhat-linux/8/../../../../aarch64-redhat-linux/include"
ignoring duplicate directory "/home/software/armcc/gcc-12.2.0_RHEL-8/include"
  as it is a non-system directory that duplicates a system directory
#include "..." search starts here:
#include <...> search starts here:
 /home/software/armcc/arm-linux-compiler-23.04.1_RHEL-8/include
 /home/software/armcc/gcc-12.2.0_RHEL-8/include
 /usr/lib/gcc/aarch64-redhat-linux/8/../../../../include/c++/8
 /usr/lib/gcc/aarch64-redhat-linux/8/../../../../include/c++/8/aarch64-redhat-linux
 /usr/lib/gcc/aarch64-redhat-linux/8/../../../../include/c++/8/backward
 /usr/lib/gcc/aarch64-redhat-linux/8/include
 /usr/local/include
 /usr/include
End of search list.
GNU C++14 (GCC) version 8.4.1 20200928 (Red Hat 8.4.1-1) (aarch64-redhat-linux)
	compiled by GNU C version 8.4.1 20200928 (Red Hat 8.4.1-1), GMP version 6.1.2, MPFR version 3.1.6-p2, MPC version 1.0.2, isl version isl-0.16.1-GMP

GGC heuristics: --param ggc-min-expand=100 --param ggc-min-heapsize=131072
Compiler executable checksum: f205d195d87a8ecae83783b35db9f541
COLLECT_GCC_OPTIONS='-v' '-o' 'CMakeFiles/cmTC_21bf9.dir/CMakeCXXCompilerABI.cpp.o' '-c' '-shared-libgcc' '-mlittle-endian' '-mabi=lp64'
 as -v -EL -mabi=lp64 -o CMakeFiles/cmTC_21bf9.dir/CMakeCXXCompilerABI.cpp.o /tmp/cc8SWcAa.s
GNU assembler version 2.39 (aarch64-linux-gnu) using BFD version (GNU Binutils) 2.39
COMPILER_PATH=/home/software/armcc/gcc-12.2.0_RHEL-8/:/usr/libexec/gcc/aarch64-redhat-linux/8/:/usr/libexec/gcc/aarch64-redhat-linux/8/:/usr/libexec/gcc/aarch64-redhat-linux/:/usr/lib/gcc/aarch64-redhat-linux/8/:/usr/lib/gcc/aarch64-redhat-linux/
LIBRARY_PATH=/home/software/armcc/gcc-12.2.0_RHEL-8/lib64/../lib64/:/home/software/armcc/gcc-12.2.0_RHEL-8/lib/../lib64/:/usr/lib/gcc/aarch64-redhat-linux/8/:/usr/lib/gcc/aarch64-redhat-linux/8/../../../../lib64/:/lib/../lib64/:/usr/lib/../lib64/:/home/software/armcc/arm-linux-compiler-23.04.1_RHEL-8/lib/:/home/software/armcc/gcc-12.2.0_RHEL-8/lib64/:/home/software/armcc/gcc-12.2.0_RHEL-8/lib/:/usr/lib/gcc/aarch64-redhat-linux/8/../../../:/lib/:/usr/lib/
COLLECT_GCC_OPTIONS='-v' '-o' 'CMakeFiles/cmTC_21bf9.dir/CMakeCXXCompilerABI.cpp.o' '-c' '-shared-libgcc' '-mlittle-endian' '-mabi=lp64'
Linking CXX executable cmTC_21bf9
/home/marco/cmake-3.19.4-Linux-aarch64/bin/cmake -E cmake_link_script CMakeFiles/cmTC_21bf9.dir/link.txt --verbose=1
/usr/bin/c++  -v CMakeFiles/cmTC_21bf9.dir/CMakeCXXCompilerABI.cpp.o -o cmTC_21bf9 
Using built-in specs.
COLLECT_GCC=/usr/bin/c++
COLLECT_LTO_WRAPPER=/usr/libexec/gcc/aarch64-redhat-linux/8/lto-wrapper
Target: aarch64-redhat-linux
Configured with: ../configure --enable-bootstrap --enable-languages=c,c++,fortran,lto --prefix=/usr --mandir=/usr/share/man --infodir=/usr/share/info --with-bugurl=http://bugzilla.redhat.com/bugzilla --enable-shared --enable-threads=posix --enable-checking=release --enable-multilib --with-system-zlib --enable-__cxa_atexit --disable-libunwind-exceptions --enable-gnu-unique-object --enable-linker-build-id --with-gcc-major-version-only --with-linker-hash-style=gnu --enable-plugin --enable-initfini-array --with-isl --disable-libmpx --enable-gnu-indirect-function --build=aarch64-redhat-linux
Thread model: posix
gcc version 8.4.1 20200928 (Red Hat 8.4.1-1) (GCC) 
COMPILER_PATH=/home/software/armcc/gcc-12.2.0_RHEL-8/:/usr/libexec/gcc/aarch64-redhat-linux/8/:/usr/libexec/gcc/aarch64-redhat-linux/8/:/usr/libexec/gcc/aarch64-redhat-linux/:/usr/lib/gcc/aarch64-redhat-linux/8/:/usr/lib/gcc/aarch64-redhat-linux/
LIBRARY_PATH=/home/software/armcc/gcc-12.2.0_RHEL-8/lib64/../lib64/:/home/software/armcc/gcc-12.2.0_RHEL-8/lib/../lib64/:/usr/lib/gcc/aarch64-redhat-linux/8/:/usr/lib/gcc/aarch64-redhat-linux/8/../../../../lib64/:/lib/../lib64/:/usr/lib/../lib64/:/home/software/armcc/arm-linux-compiler-23.04.1_RHEL-8/lib/:/home/software/armcc/gcc-12.2.0_RHEL-8/lib64/:/home/software/armcc/gcc-12.2.0_RHEL-8/lib/:/usr/lib/gcc/aarch64-redhat-linux/8/../../../:/lib/:/usr/lib/
COLLECT_GCC_OPTIONS='-v' '-o' 'cmTC_21bf9' '-shared-libgcc' '-mlittle-endian' '-mabi=lp64'
 /usr/libexec/gcc/aarch64-redhat-linux/8/collect2 -plugin /usr/libexec/gcc/aarch64-redhat-linux/8/liblto_plugin.so -plugin-opt=/usr/libexec/gcc/aarch64-redhat-linux/8/lto-wrapper -plugin-opt=-fresolution=/tmp/cc3EtZck.res -plugin-opt=-pass-through=-lgcc_s -plugin-opt=-pass-through=-lgcc -plugin-opt=-pass-through=-lc -plugin-opt=-pass-through=-lgcc_s -plugin-opt=-pass-through=-lgcc --build-id --no-add-needed --eh-frame-hdr --hash-style=gnu -dynamic-linker /lib/ld-linux-aarch64.so.1 -X -EL -maarch64linux -o cmTC_21bf9 /usr/lib/gcc/aarch64-redhat-linux/8/../../../../lib64/crt1.o /usr/lib/gcc/aarch64-redhat-linux/8/../../../../lib64/crti.o /usr/lib/gcc/aarch64-redhat-linux/8/crtbegin.o -L/home/software/armcc/gcc-12.2.0_RHEL-8/lib64/../lib64 -L/home/software/armcc/gcc-12.2.0_RHEL-8/lib/../lib64 -L/usr/lib/gcc/aarch64-redhat-linux/8 -L/usr/lib/gcc/aarch64-redhat-linux/8/../../../../lib64 -L/lib/../lib64 -L/usr/lib/../lib64 -L/home/software/armcc/arm-linux-compiler-23.04.1_RHEL-8/lib -L/home/software/armcc/gcc-12.2.0_RHEL-8/lib64 -L/home/software/armcc/gcc-12.2.0_RHEL-8/lib -L/usr/lib/gcc/aarch64-redhat-linux/8/../../.. CMakeFiles/cmTC_21bf9.dir/CMakeCXXCompilerABI.cpp.o -lstdc++ -lm -lgcc_s -lgcc -lc -lgcc_s -lgcc /usr/lib/gcc/aarch64-redhat-linux/8/crtend.o /usr/lib/gcc/aarch64-redhat-linux/8/../../../../lib64/crtn.o
COLLECT_GCC_OPTIONS='-v' '-o' 'cmTC_21bf9' '-shared-libgcc' '-mlittle-endian' '-mabi=lp64'
gmake[1]: Leaving directory '/home/marco/R3/build/CMakeFiles/CMakeTmp'



Parsed CXX implicit include dir info from above output: rv=done
  found start of include info
  found start of implicit include info
    add: [/home/software/armcc/arm-linux-compiler-23.04.1_RHEL-8/include]
    add: [/home/software/armcc/gcc-12.2.0_RHEL-8/include]
    add: [/usr/lib/gcc/aarch64-redhat-linux/8/../../../../include/c++/8]
    add: [/usr/lib/gcc/aarch64-redhat-linux/8/../../../../include/c++/8/aarch64-redhat-linux]
    add: [/usr/lib/gcc/aarch64-redhat-linux/8/../../../../include/c++/8/backward]
    add: [/usr/lib/gcc/aarch64-redhat-linux/8/include]
    add: [/usr/local/include]
    add: [/usr/include]
  end of search list found
  collapse include dir [/home/software/armcc/arm-linux-compiler-23.04.1_RHEL-8/include] ==> [/home/software/armcc/arm-linux-compiler-23.04.1_RHEL-8/include]
  collapse include dir [/home/software/armcc/gcc-12.2.0_RHEL-8/include] ==> [/home/software/armcc/gcc-12.2.0_RHEL-8/include]
  collapse include dir [/usr/lib/gcc/aarch64-redhat-linux/8/../../../../include/c++/8] ==> [/usr/include/c++/8]
  collapse include dir [/usr/lib/gcc/aarch64-redhat-linux/8/../../../../include/c++/8/aarch64-redhat-linux] ==> [/usr/include/c++/8/aarch64-redhat-linux]
  collapse include dir [/usr/lib/gcc/aarch64-redhat-linux/8/../../../../include/c++/8/backward] ==> [/usr/include/c++/8/backward]
  collapse include dir [/usr/lib/gcc/aarch64-redhat-linux/8/include] ==> [/usr/lib/gcc/aarch64-redhat-linux/8/include]
  collapse include dir [/usr/local/include] ==> [/usr/local/include]
  collapse include dir [/usr/include] ==> [/usr/include]
  implicit include dirs: [/home/software/armcc/arm-linux-compiler-23.04.1_RHEL-8/include;/home/software/armcc/gcc-12.2.0_RHEL-8/include;/usr/include/c++/8;/usr/include/c++/8/aarch64-redhat-linux;/usr/include/c++/8/backward;/usr/lib/gcc/aarch64-redhat-linux/8/include;/usr/local/include;/usr/include]


Parsed CXX implicit link information from above output:
  link line regex: [^( *|.*[/\])(ld|CMAKE_LINK_STARTFILE-NOTFOUND|([^/\]+-)?ld|collect2)[^/\]*( |$)]
  ignore line: [Change Dir: /home/marco/R3/build/CMakeFiles/CMakeTmp]
  ignore line: []
  ignore line: [Run Build Command(s):/usr/bin/gmake cmTC_21bf9/fast && /usr/bin/gmake  -f CMakeFiles/cmTC_21bf9.dir/build.make CMakeFiles/cmTC_21bf9.dir/build]
  ignore line: [gmake[1]: Entering directory '/home/marco/R3/build/CMakeFiles/CMakeTmp']
  ignore line: [Building CXX object CMakeFiles/cmTC_21bf9.dir/CMakeCXXCompilerABI.cpp.o]
  ignore line: [/usr/bin/c++   -v -o CMakeFiles/cmTC_21bf9.dir/CMakeCXXCompilerABI.cpp.o -c /home/marco/cmake-3.19.4-Linux-aarch64/share/cmake-3.19/Modules/CMakeCXXCompilerABI.cpp]
  ignore line: [Using built-in specs.]
  ignore line: [COLLECT_GCC=/usr/bin/c++]
  ignore line: [Target: aarch64-redhat-linux]
  ignore line: [Configured with: ../configure --enable-bootstrap --enable-languages=c c++ fortran lto --prefix=/usr --mandir=/usr/share/man --infodir=/usr/share/info --with-bugurl=http://bugzilla.redhat.com/bugzilla --enable-shared --enable-threads=posix --enable-checking=release --enable-multilib --with-system-zlib --enable-__cxa_atexit --disable-libunwind-exceptions --enable-gnu-unique-object --enable-linker-build-id --with-gcc-major-version-only --with-linker-hash-style=gnu --enable-plugin --enable-initfini-array --with-isl --disable-libmpx --enable-gnu-indirect-function --build=aarch64-redhat-linux]
  ignore line: [Thread model: posix]
  ignore line: [gcc version 8.4.1 20200928 (Red Hat 8.4.1-1) (GCC) ]
  ignore line: [COLLECT_GCC_OPTIONS='-v' '-o' 'CMakeFiles/cmTC_21bf9.dir/CMakeCXXCompilerABI.cpp.o' '-c' '-shared-libgcc' '-mlittle-endian' '-mabi=lp64']
  ignore line: [ /usr/libexec/gcc/aarch64-redhat-linux/8/cc1plus -quiet -v -isystem /home/software/armcc/gcc-12.2.0_RHEL-8/include -D_GNU_SOURCE /home/marco/cmake-3.19.4-Linux-aarch64/share/cmake-3.19/Modules/CMakeCXXCompilerABI.cpp -quiet -dumpbase CMakeCXXCompilerABI.cpp -mlittle-endian -mabi=lp64 -auxbase-strip CMakeFiles/cmTC_21bf9.dir/CMakeCXXCompilerABI.cpp.o -version -o /tmp/cc8SWcAa.s]
  ignore line: [GNU C++14 (GCC) version 8.4.1 20200928 (Red Hat 8.4.1-1) (aarch64-redhat-linux)]
  ignore line: [	compiled by GNU C version 8.4.1 20200928 (Red Hat 8.4.1-1)  GMP version 6.1.2  MPFR version 3.1.6-p2  MPC version 1.0.2  isl version isl-0.16.1-GMP]
  ignore line: []
  ignore line: [GGC heuristics: --param ggc-min-expand=100 --param ggc-min-heapsize=131072]
  ignore line: [ignoring nonexistent directory "/usr/lib/gcc/aarch64-redhat-linux/8/include-fixed"]
  ignore line: [ignoring nonexistent directory "/usr/lib/gcc/aarch64-redhat-linux/8/../../../../aarch64-redhat-linux/include"]
  ignore line: [ignoring duplicate directory "/home/software/armcc/gcc-12.2.0_RHEL-8/include"]
  ignore line: [  as it is a non-system directory that duplicates a system directory]
  ignore line: [#include "..." search starts here:]
  ignore line: [#include <...> search starts here:]
  ignore line: [ /home/software/armcc/arm-linux-compiler-23.04.1_RHEL-8/include]
  ignore line: [ /home/software/armcc/gcc-12.2.0_RHEL-8/include]
  ignore line: [ /usr/lib/gcc/aarch64-redhat-linux/8/../../../../include/c++/8]
  ignore line: [ /usr/lib/gcc/aarch64-redhat-linux/8/../../../../include/c++/8/aarch64-redhat-linux]
  ignore line: [ /usr/lib/gcc/aarch64-redhat-linux/8/../../../../include/c++/8/backward]
  ignore line: [ /usr/lib/gcc/aarch64-redhat-linux/8/include]
  ignore line: [ /usr/local/include]
  ignore line: [ /usr/include]
  ignore line: [End of search list.]
  ignore line: [GNU C++14 (GCC) version 8.4.1 20200928 (Red Hat 8.4.1-1) (aarch64-redhat-linux)]
  ignore line: [	compiled by GNU C version 8.4.1 20200928 (Red Hat 8.4.1-1)  GMP version 6.1.2  MPFR version 3.1.6-p2  MPC version 1.0.2  isl version isl-0.16.1-GMP]
  ignore line: []
  ignore line: [GGC heuristics: --param ggc-min-expand=100 --param ggc-min-heapsize=131072]
  ignore line: [Compiler executable checksum: f205d195d87a8ecae83783b35db9f541]
  ignore line: [COLLECT_GCC_OPTIONS='-v' '-o' 'CMakeFiles/cmTC_21bf9.dir/CMakeCXXCompilerABI.cpp.o' '-c' '-shared-libgcc' '-mlittle-endian' '-mabi=lp64']
  ignore line: [ as -v -EL -mabi=lp64 -o CMakeFiles/cmTC_21bf9.dir/CMakeCXXCompilerABI.cpp.o /tmp/cc8SWcAa.s]
  ignore line: [GNU assembler version 2.39 (aarch64-linux-gnu) using BFD version (GNU Binutils) 2.39]
  ignore line: [COMPILER_PATH=/home/software/armcc/gcc-12.2.0_RHEL-8/:/usr/libexec/gcc/aarch64-redhat-linux/8/:/usr/libexec/gcc/aarch64-redhat-linux/8/:/usr/libexec/gcc/aarch64-redhat-linux/:/usr/lib/gcc/aarch64-redhat-linux/8/:/usr/lib/gcc/aarch64-redhat-linux/]
  ignore line: [LIBRARY_PATH=/home/software/armcc/gcc-12.2.0_RHEL-8/lib64/../lib64/:/home/software/armcc/gcc-12.2.0_RHEL-8/lib/../lib64/:/usr/lib/gcc/aarch64-redhat-linux/8/:/usr/lib/gcc/aarch64-redhat-linux/8/../../../../lib64/:/lib/../lib64/:/usr/lib/../lib64/:/home/software/armcc/arm-linux-compiler-23.04.1_RHEL-8/lib/:/home/software/armcc/gcc-12.2.0_RHEL-8/lib64/:/home/software/armcc/gcc-12.2.0_RHEL-8/lib/:/usr/lib/gcc/aarch64-redhat-linux/8/../../../:/lib/:/usr/lib/]
  ignore line: [COLLECT_GCC_OPTIONS='-v' '-o' 'CMakeFiles/cmTC_21bf9.dir/CMakeCXXCompilerABI.cpp.o' '-c' '-shared-libgcc' '-mlittle-endian' '-mabi=lp64']
  ignore line: [Linking CXX executable cmTC_21bf9]
  ignore line: [/home/marco/cmake-3.19.4-Linux-aarch64/bin/cmake -E cmake_link_script CMakeFiles/cmTC_21bf9.dir/link.txt --verbose=1]
  ignore line: [/usr/bin/c++  -v CMakeFiles/cmTC_21bf9.dir/CMakeCXXCompilerABI.cpp.o -o cmTC_21bf9 ]
  ignore line: [Using built-in specs.]
  ignore line: [COLLECT_GCC=/usr/bin/c++]
  ignore line: [COLLECT_LTO_WRAPPER=/usr/libexec/gcc/aarch64-redhat-linux/8/lto-wrapper]
  ignore line: [Target: aarch64-redhat-linux]
  ignore line: [Configured with: ../configure --enable-bootstrap --enable-languages=c c++ fortran lto --prefix=/usr --mandir=/usr/share/man --infodir=/usr/share/info --with-bugurl=http://bugzilla.redhat.com/bugzilla --enable-shared --enable-threads=posix --enable-checking=release --enable-multilib --with-system-zlib --enable-__cxa_atexit --disable-libunwind-exceptions --enable-gnu-unique-object --enable-linker-build-id --with-gcc-major-version-only --with-linker-hash-style=gnu --enable-plugin --enable-initfini-array --with-isl --disable-libmpx --enable-gnu-indirect-function --build=aarch64-redhat-linux]
  ignore line: [Thread model: posix]
  ignore line: [gcc version 8.4.1 20200928 (Red Hat 8.4.1-1) (GCC) ]
  ignore line: [COMPILER_PATH=/home/software/armcc/gcc-12.2.0_RHEL-8/:/usr/libexec/gcc/aarch64-redhat-linux/8/:/usr/libexec/gcc/aarch64-redhat-linux/8/:/usr/libexec/gcc/aarch64-redhat-linux/:/usr/lib/gcc/aarch64-redhat-linux/8/:/usr/lib/gcc/aarch64-redhat-linux/]
  ignore line: [LIBRARY_PATH=/home/software/armcc/gcc-12.2.0_RHEL-8/lib64/../lib64/:/home/software/armcc/gcc-12.2.0_RHEL-8/lib/../lib64/:/usr/lib/gcc/aarch64-redhat-linux/8/:/usr/lib/gcc/aarch64-redhat-linux/8/../../../../lib64/:/lib/../lib64/:/usr/lib/../lib64/:/home/software/armcc/arm-linux-compiler-23.04.1_RHEL-8/lib/:/home/software/armcc/gcc-12.2.0_RHEL-8/lib64/:/home/software/armcc/gcc-12.2.0_RHEL-8/lib/:/usr/lib/gcc/aarch64-redhat-linux/8/../../../:/lib/:/usr/lib/]
  ignore line: [COLLECT_GCC_OPTIONS='-v' '-o' 'cmTC_21bf9' '-shared-libgcc' '-mlittle-endian' '-mabi=lp64']
  link line: [ /usr/libexec/gcc/aarch64-redhat-linux/8/collect2 -plugin /usr/libexec/gcc/aarch64-redhat-linux/8/liblto_plugin.so -plugin-opt=/usr/libexec/gcc/aarch64-redhat-linux/8/lto-wrapper -plugin-opt=-fresolution=/tmp/cc3EtZck.res -plugin-opt=-pass-through=-lgcc_s -plugin-opt=-pass-through=-lgcc -plugin-opt=-pass-through=-lc -plugin-opt=-pass-through=-lgcc_s -plugin-opt=-pass-through=-lgcc --build-id --no-add-needed --eh-frame-hdr --hash-style=gnu -dynamic-linker /lib/ld-linux-aarch64.so.1 -X -EL -maarch64linux -o cmTC_21bf9 /usr/lib/gcc/aarch64-redhat-linux/8/../../../../lib64/crt1.o /usr/lib/gcc/aarch64-redhat-linux/8/../../../../lib64/crti.o /usr/lib/gcc/aarch64-redhat-linux/8/crtbegin.o -L/home/software/armcc/gcc-12.2.0_RHEL-8/lib64/../lib64 -L/home/software/armcc/gcc-12.2.0_RHEL-8/lib/../lib64 -L/usr/lib/gcc/aarch64-redhat-linux/8 -L/usr/lib/gcc/aarch64-redhat-linux/8/../../../../lib64 -L/lib/../lib64 -L/usr/lib/../lib64 -L/home/software/armcc/arm-linux-compiler-23.04.1_RHEL-8/lib -L/home/software/armcc/gcc-12.2.0_RHEL-8/lib64 -L/home/software/armcc/gcc-12.2.0_RHEL-8/lib -L/usr/lib/gcc/aarch64-redhat-linux/8/../../.. CMakeFiles/cmTC_21bf9.dir/CMakeCXXCompilerABI.cpp.o -lstdc++ -lm -lgcc_s -lgcc -lc -lgcc_s -lgcc /usr/lib/gcc/aarch64-redhat-linux/8/crtend.o /usr/lib/gcc/aarch64-redhat-linux/8/../../../../lib64/crtn.o]
    arg [/usr/libexec/gcc/aarch64-redhat-linux/8/collect2] ==> ignore
    arg [-plugin] ==> ignore
    arg [/usr/libexec/gcc/aarch64-redhat-linux/8/liblto_plugin.so] ==> ignore
    arg [-plugin-opt=/usr/libexec/gcc/aarch64-redhat-linux/8/lto-wrapper] ==> ignore
    arg [-plugin-opt=-fresolution=/tmp/cc3EtZck.res] ==> ignore
    arg [-plugin-opt=-pass-through=-lgcc_s] ==> ignore
    arg [-plugin-opt=-pass-through=-lgcc] ==> ignore
    arg [-plugin-opt=-pass-through=-lc] ==> ignore
    arg [-plugin-opt=-pass-through=-lgcc_s] ==> ignore
    arg [-plugin-opt=-pass-through=-lgcc] ==> ignore
    arg [--build-id] ==> ignore
    arg [--no-add-needed] ==> ignore
    arg [--eh-frame-hdr] ==> ignore
    arg [--hash-style=gnu] ==> ignore
    arg [-dynamic-linker] ==> ignore
    arg [/lib/ld-linux-aarch64.so.1] ==> ignore
    arg [-X] ==> ignore
    arg [-EL] ==> ignore
    arg [-maarch64linux] ==> ignore
    arg [-o] ==> ignore
    arg [cmTC_21bf9] ==> ignore
    arg [/usr/lib/gcc/aarch64-redhat-linux/8/../../../../lib64/crt1.o] ==> ignore
    arg [/usr/lib/gcc/aarch64-redhat-linux/8/../../../../lib64/crti.o] ==> ignore
    arg [/usr/lib/gcc/aarch64-redhat-linux/8/crtbegin.o] ==> ignore
    arg [-L/home/software/armcc/gcc-12.2.0_RHEL-8/lib64/../lib64] ==> dir [/home/software/armcc/gcc-12.2.0_RHEL-8/lib64/../lib64]
    arg [-L/home/software/armcc/gcc-12.2.0_RHEL-8/lib/../lib64] ==> dir [/home/software/armcc/gcc-12.2.0_RHEL-8/lib/../lib64]
    arg [-L/usr/lib/gcc/aarch64-redhat-linux/8] ==> dir [/usr/lib/gcc/aarch64-redhat-linux/8]
    arg [-L/usr/lib/gcc/aarch64-redhat-linux/8/../../../../lib64] ==> dir [/usr/lib/gcc/aarch64-redhat-linux/8/../../../../lib64]
    arg [-L/lib/../lib64] ==> dir [/lib/../lib64]
    arg [-L/usr/lib/../lib64] ==> dir [/usr/lib/../lib64]
    arg [-L/home/software/armcc/arm-linux-compiler-23.04.1_RHEL-8/lib] ==> dir [/home/software/armcc/arm-linux-compiler-23.04.1_RHEL-8/lib]
    arg [-L/home/software/armcc/gcc-12.2.0_RHEL-8/lib64] ==> dir [/home/software/armcc/gcc-12.2.0_RHEL-8/lib64]
    arg [-L/home/software/armcc/gcc-12.2.0_RHEL-8/lib] ==> dir [/home/software/armcc/gcc-12.2.0_RHEL-8/lib]
    arg [-L/usr/lib/gcc/aarch64-redhat-linux/8/../../..] ==> dir [/usr/lib/gcc/aarch64-redhat-linux/8/../../..]
    arg [CMakeFiles/cmTC_21bf9.dir/CMakeCXXCompilerABI.cpp.o] ==> ignore
    arg [-lstdc++] ==> lib [stdc++]
    arg [-lm] ==> lib [m]
    arg [-lgcc_s] ==> lib [gcc_s]
    arg [-lgcc] ==> lib [gcc]
    arg [-lc] ==> lib [c]
    arg [-lgcc_s] ==> lib [gcc_s]
    arg [-lgcc] ==> lib [gcc]
    arg [/usr/lib/gcc/aarch64-redhat-linux/8/crtend.o] ==> ignore
    arg [/usr/lib/gcc/aarch64-redhat-linux/8/../../../../lib64/crtn.o] ==> ignore
  collapse library dir [/home/software/armcc/gcc-12.2.0_RHEL-8/lib64/../lib64] ==> [/home/software/armcc/gcc-12.2.0_RHEL-8/lib64]
  collapse library dir [/home/software/armcc/gcc-12.2.0_RHEL-8/lib/../lib64] ==> [/home/software/armcc/gcc-12.2.0_RHEL-8/lib64]
  collapse library dir [/usr/lib/gcc/aarch64-redhat-linux/8] ==> [/usr/lib/gcc/aarch64-redhat-linux/8]
  collapse library dir [/usr/lib/gcc/aarch64-redhat-linux/8/../../../../lib64] ==> [/usr/lib64]
  collapse library dir [/lib/../lib64] ==> [/lib64]
  collapse library dir [/usr/lib/../lib64] ==> [/usr/lib64]
  collapse library dir [/home/software/armcc/arm-linux-compiler-23.04.1_RHEL-8/lib] ==> [/home/software/armcc/arm-linux-compiler-23.04.1_RHEL-8/lib]
  collapse library dir [/home/software/armcc/gcc-12.2.0_RHEL-8/lib64] ==> [/home/software/armcc/gcc-12.2.0_RHEL-8/lib64]
  collapse library dir [/home/software/armcc/gcc-12.2.0_RHEL-8/lib] ==> [/home/software/armcc/gcc-12.2.0_RHEL-8/lib]
  collapse library dir [/usr/lib/gcc/aarch64-redhat-linux/8/../../..] ==> [/usr/lib]
  implicit libs: [stdc++;m;gcc_s;gcc;c;gcc_s;gcc]
  implicit dirs: [/home/software/armcc/gcc-12.2.0_RHEL-8/lib64;/usr/lib/gcc/aarch64-redhat-linux/8;/usr/lib64;/lib64;/home/software/armcc/arm-linux-compiler-23.04.1_RHEL-8/lib;/home/software/armcc/gcc-12.2.0_RHEL-8/lib;/usr/lib]
  implicit fwks: []


